\BOOKMARK [1][-]{section.1}{Introduction}{}% 1
\BOOKMARK [2][-]{subsection.1.1}{Problem Statement}{section.1}% 2
\BOOKMARK [2][-]{subsection.1.2}{Project Objectives}{section.1}% 3
\BOOKMARK [2][-]{subsection.1.3}{Stakeholders}{section.1}% 4
\BOOKMARK [2][-]{subsection.1.4}{Abbreviations, Acronyms and Definitions}{section.1}% 5
\BOOKMARK [1][-]{section.2}{Software Requirement Specification}{}% 6
\BOOKMARK [2][-]{subsection.2.1}{Introduction}{section.2}% 7
\BOOKMARK [3][-]{subsubsection.2.1.1}{Requirements}{subsection.2.1}% 8
\BOOKMARK [3][-]{subsubsection.2.1.2}{Purpose}{subsection.2.1}% 9
\BOOKMARK [3][-]{subsubsection.2.1.3}{System Overview}{subsection.2.1}% 10
\BOOKMARK [2][-]{subsection.2.2}{Software Development Life Cycle Choice}{section.2}% 11
\BOOKMARK [2][-]{subsection.2.3}{Architecture Choice}{section.2}% 12
\BOOKMARK [2][-]{subsection.2.4}{Front-End Service}{section.2}% 13
\BOOKMARK [3][-]{subsubsection.2.4.1}{UI Functionality}{subsection.2.4}% 14
\BOOKMARK [3][-]{subsubsection.2.4.2}{UI Implementation}{subsection.2.4}% 15
\BOOKMARK [2][-]{subsection.2.5}{Back-End Service}{section.2}% 16
\BOOKMARK [3][-]{subsubsection.2.5.1}{Apache}{subsection.2.5}% 17
\BOOKMARK [3][-]{subsubsection.2.5.2}{Neo4j}{subsection.2.5}% 18
\BOOKMARK [2][-]{subsection.2.6}{Supporting Software}{section.2}% 19
\BOOKMARK [2][-]{subsection.2.7}{Use Cases}{section.2}% 20
\BOOKMARK [1][-]{section.3}{The Front-End}{}% 21
\BOOKMARK [2][-]{subsection.3.1}{Design Document}{section.3}% 22
\BOOKMARK [3][-]{subsubsection.3.1.1}{Landing Navigational Web Page}{subsection.3.1}% 23
\BOOKMARK [3][-]{subsubsection.3.1.2}{Friend Status Update Word Bubble Chart Web Page}{subsection.3.1}% 24
\BOOKMARK [3][-]{subsubsection.3.1.3}{Friend Network Diagram Web Page}{subsection.3.1}% 25
\BOOKMARK [2][-]{subsection.3.2}{Implementation}{section.3}% 26
\BOOKMARK [3][-]{subsubsection.3.2.1}{Introduction}{subsection.3.2}% 27
\BOOKMARK [3][-]{subsubsection.3.2.2}{Implementing HTML pages with Django}{subsection.3.2}% 28
\BOOKMARK [3][-]{subsubsection.3.2.3}{Friend Network}{subsection.3.2}% 29
\BOOKMARK [3][-]{subsubsection.3.2.4}{Word Bubble Chart}{subsection.3.2}% 30
\BOOKMARK [3][-]{subsubsection.3.2.5}{Front-End Testing}{subsection.3.2}% 31
\BOOKMARK [1][-]{section.4}{The Back-End}{}% 32
\BOOKMARK [2][-]{subsection.4.1}{Design Document}{section.4}% 33
\BOOKMARK [3][-]{subsubsection.4.1.1}{The Web Application Framework}{subsection.4.1}% 34
\BOOKMARK [3][-]{subsubsection.4.1.2}{The Graph Database}{subsection.4.1}% 35
\BOOKMARK [2][-]{subsection.4.2}{Implementation}{section.4}% 36
\BOOKMARK [3][-]{subsubsection.4.2.1}{Introduction}{subsection.4.2}% 37
\BOOKMARK [3][-]{subsubsection.4.2.2}{Django}{subsection.4.2}% 38
\BOOKMARK [3][-]{subsubsection.4.2.3}{Web Server}{subsection.4.2}% 39
\BOOKMARK [3][-]{subsubsection.4.2.4}{Views}{subsection.4.2}% 40
\BOOKMARK [3][-]{subsubsection.4.2.5}{Py2Neo Queries}{subsection.4.2}% 41
\BOOKMARK [1][-]{section.5}{The Sprint Planning}{}% 42
\BOOKMARK [2][-]{subsection.5.1}{The Scrum Backlog }{section.5}% 43
\BOOKMARK [2][-]{subsection.5.2}{The Scrum Logistics}{section.5}% 44
\BOOKMARK [2][-]{subsection.5.3}{The Sprint Backlog }{section.5}% 45
\BOOKMARK [2][-]{subsection.5.4}{The Daily Scrum Meetings}{section.5}% 46
\BOOKMARK [2][-]{subsection.5.5}{Managing The Sprint Process}{section.5}% 47
\BOOKMARK [1][-]{section.6}{Sprint Retrospective}{}% 48
\BOOKMARK [2][-]{subsection.6.1}{The Goals Achieved and Positive Outcomes}{section.6}% 49
\BOOKMARK [2][-]{subsection.6.2}{The Negative Outcomes}{section.6}% 50
\BOOKMARK [2][-]{subsection.6.3}{The Sprint Retrospective Meeting Feedback}{section.6}% 51
\BOOKMARK [2][-]{subsection.6.4}{The Improvements For the Next Sprint}{section.6}% 52
\BOOKMARK [1][-]{section.7}{Conclusion}{}% 53
\BOOKMARK [1][-]{appendix.A}{Use Cases}{}% 54
\BOOKMARK [2][-]{subsection.A.1}{Use Case 1: Log In}{appendix.A}% 55
\BOOKMARK [3][-]{subsubsection.A.1.1}{Basic Flow}{subsection.A.1}% 56
\BOOKMARK [3][-]{subsubsection.A.1.2}{Alternate Flows}{subsection.A.1}% 57
\BOOKMARK [2][-]{subsection.A.2}{Use Case 2: Sign Up}{appendix.A}% 58
\BOOKMARK [3][-]{subsubsection.A.2.1}{Basic Flow}{subsection.A.2}% 59
\BOOKMARK [3][-]{subsubsection.A.2.2}{Alternate Flows}{subsection.A.2}% 60
\BOOKMARK [2][-]{subsection.A.3}{Use Case 3: Connect to Facebook}{appendix.A}% 61
\BOOKMARK [3][-]{subsubsection.A.3.1}{Basic Flow}{subsection.A.3}% 62
\BOOKMARK [3][-]{subsubsection.A.3.2}{Alternate Flows}{subsection.A.3}% 63
\BOOKMARK [2][-]{subsection.A.4}{Use Case 4: Upload Data}{appendix.A}% 64
\BOOKMARK [3][-]{subsubsection.A.4.1}{Basic Flow}{subsection.A.4}% 65
\BOOKMARK [3][-]{subsubsection.A.4.2}{Alternate Flows}{subsection.A.4}% 66
\BOOKMARK [2][-]{subsection.A.5}{Use Case 5: View Friend Network}{appendix.A}% 67
\BOOKMARK [3][-]{subsubsection.A.5.1}{Basic Flow}{subsection.A.5}% 68
\BOOKMARK [3][-]{subsubsection.A.5.2}{Alternate Flows}{subsection.A.5}% 69
\BOOKMARK [2][-]{subsection.A.6}{Use Case 6: View Friendship Data}{appendix.A}% 70
\BOOKMARK [3][-]{subsubsection.A.6.1}{Basic Flow}{subsection.A.6}% 71
\BOOKMARK [3][-]{subsubsection.A.6.2}{Alternate Flows}{subsection.A.6}% 72
\BOOKMARK [2][-]{subsection.A.7}{Use Case 7: View Relationship Data}{appendix.A}% 73
\BOOKMARK [3][-]{subsubsection.A.7.1}{Basic Flow}{subsection.A.7}% 74
\BOOKMARK [3][-]{subsubsection.A.7.2}{Alternate Flows}{subsection.A.7}% 75
\BOOKMARK [2][-]{subsection.A.8}{Use Case 8: View Personal Data}{appendix.A}% 76
\BOOKMARK [3][-]{subsubsection.A.8.1}{Basic Flow}{subsection.A.8}% 77
\BOOKMARK [3][-]{subsubsection.A.8.2}{Alternate Flows}{subsection.A.8}% 78
\BOOKMARK [2][-]{subsection.A.9}{Use Case 9: View Other Visualisations}{appendix.A}% 79
\BOOKMARK [3][-]{subsubsection.A.9.1}{Basic Flow}{subsection.A.9}% 80
\BOOKMARK [1][-]{appendix.B}{The Minutes from the First Sprint Planning Meeting}{}% 81
