This is pdfTeX, Version 3.14159265-2.6-1.40.15 (TeX Live 2015/dev/Debian) (preloaded format=pdflatex 2016.3.31)  11 APR 2016 06:58
entering extended mode
 restricted \write18 enabled.
 %&-line parsing enabled.
**project.tex
(./project.tex
LaTeX2e <2014/05/01>
Babel <3.9l> and hyphenation patterns for 79 languages loaded.
(/usr/share/texlive/texmf-dist/tex/latex/base/article.cls
Document Class: article 2014/09/29 v1.4h Standard LaTeX document class
(/usr/share/texlive/texmf-dist/tex/latex/base/size12.clo
File: size12.clo 2014/09/29 v1.4h Standard LaTeX file (size option)
)
\c@part=\count79
\c@section=\count80
\c@subsection=\count81
\c@subsubsection=\count82
\c@paragraph=\count83
\c@subparagraph=\count84
\c@figure=\count85
\c@table=\count86
\abovecaptionskip=\skip41
\belowcaptionskip=\skip42
\bibindent=\dimen102
)
(/usr/share/texlive/texmf-dist/tex/latex/graphics/graphicx.sty
Package: graphicx 2014/04/25 v1.0g Enhanced LaTeX Graphics (DPC,SPQR)

(/usr/share/texlive/texmf-dist/tex/latex/graphics/keyval.sty
Package: keyval 2014/05/08 v1.15 key=value parser (DPC)
\KV@toks@=\toks14
)
(/usr/share/texlive/texmf-dist/tex/latex/graphics/graphics.sty
Package: graphics 2009/02/05 v1.0o Standard LaTeX Graphics (DPC,SPQR)

(/usr/share/texlive/texmf-dist/tex/latex/graphics/trig.sty
Package: trig 1999/03/16 v1.09 sin cos tan (DPC)
)
(/usr/share/texlive/texmf-dist/tex/latex/latexconfig/graphics.cfg
File: graphics.cfg 2010/04/23 v1.9 graphics configuration of TeX Live
)
Package graphics Info: Driver file: pdftex.def on input line 91.

(/usr/share/texlive/texmf-dist/tex/latex/pdftex-def/pdftex.def
File: pdftex.def 2011/05/27 v0.06d Graphics/color for pdfTeX

(/usr/share/texlive/texmf-dist/tex/generic/oberdiek/infwarerr.sty
Package: infwarerr 2010/04/08 v1.3 Providing info/warning/error messages (HO)
)
(/usr/share/texlive/texmf-dist/tex/generic/oberdiek/ltxcmds.sty
Package: ltxcmds 2011/11/09 v1.22 LaTeX kernel commands for general use (HO)
)
\Gread@gobject=\count87
))
\Gin@req@height=\dimen103
\Gin@req@width=\dimen104
)
(/usr/share/texlive/texmf-dist/tex/latex/hyperref/hyperref.sty
Package: hyperref 2012/11/06 v6.83m Hypertext links for LaTeX

(/usr/share/texlive/texmf-dist/tex/generic/oberdiek/hobsub-hyperref.sty
Package: hobsub-hyperref 2012/05/28 v1.13 Bundle oberdiek, subset hyperref (HO)


(/usr/share/texlive/texmf-dist/tex/generic/oberdiek/hobsub-generic.sty
Package: hobsub-generic 2012/05/28 v1.13 Bundle oberdiek, subset generic (HO)
Package: hobsub 2012/05/28 v1.13 Construct package bundles (HO)
Package hobsub Info: Skipping package `infwarerr' (already loaded).
Package hobsub Info: Skipping package `ltxcmds' (already loaded).
Package: ifluatex 2010/03/01 v1.3 Provides the ifluatex switch (HO)
Package ifluatex Info: LuaTeX not detected.
Package: ifvtex 2010/03/01 v1.5 Detect VTeX and its facilities (HO)
Package ifvtex Info: VTeX not detected.
Package: intcalc 2007/09/27 v1.1 Expandable calculations with integers (HO)
Package: ifpdf 2011/01/30 v2.3 Provides the ifpdf switch (HO)
Package ifpdf Info: pdfTeX in PDF mode is detected.
Package: etexcmds 2011/02/16 v1.5 Avoid name clashes with e-TeX commands (HO)
Package etexcmds Info: Could not find \expanded.
(etexcmds)             That can mean that you are not using pdfTeX 1.50 or
(etexcmds)             that some package has redefined \expanded.
(etexcmds)             In the latter case, load this package earlier.
Package: kvsetkeys 2012/04/25 v1.16 Key value parser (HO)
Package: kvdefinekeys 2011/04/07 v1.3 Define keys (HO)
Package: pdftexcmds 2011/11/29 v0.20 Utility functions of pdfTeX for LuaTeX (HO
)
Package pdftexcmds Info: LuaTeX not detected.
Package pdftexcmds Info: \pdf@primitive is available.
Package pdftexcmds Info: \pdf@ifprimitive is available.
Package pdftexcmds Info: \pdfdraftmode found.
Package: pdfescape 2011/11/25 v1.13 Implements pdfTeX's escape features (HO)
Package: bigintcalc 2012/04/08 v1.3 Expandable calculations on big integers (HO
)
Package: bitset 2011/01/30 v1.1 Handle bit-vector datatype (HO)
Package: uniquecounter 2011/01/30 v1.2 Provide unlimited unique counter (HO)
)
Package hobsub Info: Skipping package `hobsub' (already loaded).
Package: letltxmacro 2010/09/02 v1.4 Let assignment for LaTeX macros (HO)
Package: hopatch 2012/05/28 v1.2 Wrapper for package hooks (HO)
Package: xcolor-patch 2011/01/30 xcolor patch
Package: atveryend 2011/06/30 v1.8 Hooks at the very end of document (HO)
Package atveryend Info: \enddocument detected (standard20110627).
Package: atbegshi 2011/10/05 v1.16 At begin shipout hook (HO)
Package: refcount 2011/10/16 v3.4 Data extraction from label references (HO)
Package: hycolor 2011/01/30 v1.7 Color options for hyperref/bookmark (HO)
)
(/usr/share/texlive/texmf-dist/tex/generic/ifxetex/ifxetex.sty
Package: ifxetex 2010/09/12 v0.6 Provides ifxetex conditional
)
(/usr/share/texlive/texmf-dist/tex/latex/oberdiek/auxhook.sty
Package: auxhook 2011/03/04 v1.3 Hooks for auxiliary files (HO)
)
(/usr/share/texlive/texmf-dist/tex/latex/oberdiek/kvoptions.sty
Package: kvoptions 2011/06/30 v3.11 Key value format for package options (HO)
)
\@linkdim=\dimen105
\Hy@linkcounter=\count88
\Hy@pagecounter=\count89

(/usr/share/texlive/texmf-dist/tex/latex/hyperref/pd1enc.def
File: pd1enc.def 2012/11/06 v6.83m Hyperref: PDFDocEncoding definition (HO)
)
\Hy@SavedSpaceFactor=\count90

(/usr/share/texlive/texmf-dist/tex/latex/latexconfig/hyperref.cfg
File: hyperref.cfg 2002/06/06 v1.2 hyperref configuration of TeXLive
)
Package hyperref Info: Hyper figures OFF on input line 4443.
Package hyperref Info: Link nesting OFF on input line 4448.
Package hyperref Info: Hyper index ON on input line 4451.
Package hyperref Info: Plain pages OFF on input line 4458.
Package hyperref Info: Backreferencing OFF on input line 4463.
Package hyperref Info: Implicit mode ON; LaTeX internals redefined.
Package hyperref Info: Bookmarks ON on input line 4688.
\c@Hy@tempcnt=\count91

(/usr/share/texlive/texmf-dist/tex/latex/url/url.sty
\Urlmuskip=\muskip10
Package: url 2013/09/16  ver 3.4  Verb mode for urls, etc.
)
LaTeX Info: Redefining \url on input line 5041.
\XeTeXLinkMargin=\dimen106
\Fld@menulength=\count92
\Field@Width=\dimen107
\Fld@charsize=\dimen108
Package hyperref Info: Hyper figures OFF on input line 6295.
Package hyperref Info: Link nesting OFF on input line 6300.
Package hyperref Info: Hyper index ON on input line 6303.
Package hyperref Info: backreferencing OFF on input line 6310.
Package hyperref Info: Link coloring OFF on input line 6315.
Package hyperref Info: Link coloring with OCG OFF on input line 6320.
Package hyperref Info: PDF/A mode OFF on input line 6325.
LaTeX Info: Redefining \ref on input line 6365.
LaTeX Info: Redefining \pageref on input line 6369.
\Hy@abspage=\count93
\c@Item=\count94
\c@Hfootnote=\count95
)

Package hyperref Message: Driver (autodetected): hpdftex.

(/usr/share/texlive/texmf-dist/tex/latex/hyperref/hpdftex.def
File: hpdftex.def 2012/11/06 v6.83m Hyperref driver for pdfTeX
\Fld@listcount=\count96
\c@bookmark@seq@number=\count97

(/usr/share/texlive/texmf-dist/tex/latex/oberdiek/rerunfilecheck.sty
Package: rerunfilecheck 2011/04/15 v1.7 Rerun checks for auxiliary files (HO)
Package uniquecounter Info: New unique counter `rerunfilecheck' on input line 2
82.
)
\Hy@SectionHShift=\skip43
)
(/home/james/texmf/tex/latex/wrapfig/wrapfig.sty
\wrapoverhang=\dimen109
\WF@size=\dimen110
\c@WF@wrappedlines=\count98
\WF@box=\box26
\WF@everypar=\toks15
Package: wrapfig 2003/01/31  v 3.6
)
(/usr/share/texlive/texmf-dist/tex/latex/listings/listings.sty
\lst@mode=\count99
\lst@gtempboxa=\box27
\lst@token=\toks16
\lst@length=\count100
\lst@currlwidth=\dimen111
\lst@column=\count101
\lst@pos=\count102
\lst@lostspace=\dimen112
\lst@width=\dimen113
\lst@newlines=\count103
\lst@lineno=\count104
\lst@maxwidth=\dimen114

(/usr/share/texlive/texmf-dist/tex/latex/listings/lstmisc.sty
File: lstmisc.sty 2014/09/06 1.5e (Carsten Heinz)
\c@lstnumber=\count105
\lst@skipnumbers=\count106
\lst@framebox=\box28
)
(/usr/share/texlive/texmf-dist/tex/latex/listings/listings.cfg
File: listings.cfg 2014/09/06 1.5e listings configuration
))
Package: listings 2014/09/06 1.5e (Carsten Heinz)

(/usr/share/texlive/texmf-dist/tex/latex/pgf/frontendlayer/tikz.sty
(/usr/share/texlive/texmf-dist/tex/latex/pgf/basiclayer/pgf.sty
(/usr/share/texlive/texmf-dist/tex/latex/pgf/utilities/pgfrcs.sty
(/usr/share/texlive/texmf-dist/tex/generic/pgf/utilities/pgfutil-common.tex
\pgfutil@everybye=\toks17
\pgfutil@tempdima=\dimen115
\pgfutil@tempdimb=\dimen116

(/usr/share/texlive/texmf-dist/tex/generic/pgf/utilities/pgfutil-common-lists.t
ex)) (/usr/share/texlive/texmf-dist/tex/generic/pgf/utilities/pgfutil-latex.def
\pgfutil@abb=\box29
(/usr/share/texlive/texmf-dist/tex/latex/ms/everyshi.sty
Package: everyshi 2001/05/15 v3.00 EveryShipout Package (MS)
))
(/usr/share/texlive/texmf-dist/tex/generic/pgf/utilities/pgfrcs.code.tex
Package: pgfrcs 2013/12/20 v3.0.0 (rcs-revision 1.28)
))
Package: pgf 2013/12/18 v3.0.0 (rcs-revision 1.14)

(/usr/share/texlive/texmf-dist/tex/latex/pgf/basiclayer/pgfcore.sty
(/usr/share/texlive/texmf-dist/tex/latex/pgf/systemlayer/pgfsys.sty
(/usr/share/texlive/texmf-dist/tex/generic/pgf/systemlayer/pgfsys.code.tex
Package: pgfsys 2013/11/30 v3.0.0 (rcs-revision 1.47)

(/usr/share/texlive/texmf-dist/tex/generic/pgf/utilities/pgfkeys.code.tex
\pgfkeys@pathtoks=\toks18
\pgfkeys@temptoks=\toks19

(/usr/share/texlive/texmf-dist/tex/generic/pgf/utilities/pgfkeysfiltered.code.t
ex
\pgfkeys@tmptoks=\toks20
))
\pgf@x=\dimen117
\pgf@y=\dimen118
\pgf@xa=\dimen119
\pgf@ya=\dimen120
\pgf@xb=\dimen121
\pgf@yb=\dimen122
\pgf@xc=\dimen123
\pgf@yc=\dimen124
\w@pgf@writea=\write3
\r@pgf@reada=\read1
\c@pgf@counta=\count107
\c@pgf@countb=\count108
\c@pgf@countc=\count109
\c@pgf@countd=\count110
\t@pgf@toka=\toks21
\t@pgf@tokb=\toks22
\t@pgf@tokc=\toks23
 (/usr/share/texlive/texmf-dist/tex/generic/pgf/systemlayer/pgf.cfg
File: pgf.cfg 2008/05/14  (rcs-revision 1.7)
)
Driver file for pgf: pgfsys-pdftex.def

(/usr/share/texlive/texmf-dist/tex/generic/pgf/systemlayer/pgfsys-pdftex.def
File: pgfsys-pdftex.def 2013/07/18  (rcs-revision 1.33)

(/usr/share/texlive/texmf-dist/tex/generic/pgf/systemlayer/pgfsys-common-pdf.de
f
File: pgfsys-common-pdf.def 2013/10/10  (rcs-revision 1.13)
)))
(/usr/share/texlive/texmf-dist/tex/generic/pgf/systemlayer/pgfsyssoftpath.code.
tex
File: pgfsyssoftpath.code.tex 2013/09/09  (rcs-revision 1.9)
\pgfsyssoftpath@smallbuffer@items=\count111
\pgfsyssoftpath@bigbuffer@items=\count112
)
(/usr/share/texlive/texmf-dist/tex/generic/pgf/systemlayer/pgfsysprotocol.code.
tex
File: pgfsysprotocol.code.tex 2006/10/16  (rcs-revision 1.4)
)) (/usr/share/texlive/texmf-dist/tex/latex/xcolor/xcolor.sty
Package: xcolor 2007/01/21 v2.11 LaTeX color extensions (UK)

(/usr/share/texlive/texmf-dist/tex/latex/latexconfig/color.cfg
File: color.cfg 2007/01/18 v1.5 color configuration of teTeX/TeXLive
)
Package xcolor Info: Driver file: pdftex.def on input line 225.
Package xcolor Info: Model `cmy' substituted by `cmy0' on input line 1337.
Package xcolor Info: Model `hsb' substituted by `rgb' on input line 1341.
Package xcolor Info: Model `RGB' extended on input line 1353.
Package xcolor Info: Model `HTML' substituted by `rgb' on input line 1355.
Package xcolor Info: Model `Hsb' substituted by `hsb' on input line 1356.
Package xcolor Info: Model `tHsb' substituted by `hsb' on input line 1357.
Package xcolor Info: Model `HSB' substituted by `hsb' on input line 1358.
Package xcolor Info: Model `Gray' substituted by `gray' on input line 1359.
Package xcolor Info: Model `wave' substituted by `hsb' on input line 1360.
)
(/usr/share/texlive/texmf-dist/tex/generic/pgf/basiclayer/pgfcore.code.tex
Package: pgfcore 2010/04/11 v3.0.0 (rcs-revision 1.7)

(/usr/share/texlive/texmf-dist/tex/generic/pgf/math/pgfmath.code.tex
(/usr/share/texlive/texmf-dist/tex/generic/pgf/math/pgfmathcalc.code.tex
(/usr/share/texlive/texmf-dist/tex/generic/pgf/math/pgfmathutil.code.tex)
(/usr/share/texlive/texmf-dist/tex/generic/pgf/math/pgfmathparser.code.tex
\pgfmath@dimen=\dimen125
\pgfmath@count=\count113
\pgfmath@box=\box30
\pgfmath@toks=\toks24
\pgfmath@stack@operand=\toks25
\pgfmath@stack@operation=\toks26
)
(/usr/share/texlive/texmf-dist/tex/generic/pgf/math/pgfmathfunctions.code.tex
(/usr/share/texlive/texmf-dist/tex/generic/pgf/math/pgfmathfunctions.basic.code
.tex)
(/usr/share/texlive/texmf-dist/tex/generic/pgf/math/pgfmathfunctions.trigonomet
ric.code.tex)
(/usr/share/texlive/texmf-dist/tex/generic/pgf/math/pgfmathfunctions.random.cod
e.tex)
(/usr/share/texlive/texmf-dist/tex/generic/pgf/math/pgfmathfunctions.comparison
.code.tex)
(/usr/share/texlive/texmf-dist/tex/generic/pgf/math/pgfmathfunctions.base.code.
tex)
(/usr/share/texlive/texmf-dist/tex/generic/pgf/math/pgfmathfunctions.round.code
.tex)
(/usr/share/texlive/texmf-dist/tex/generic/pgf/math/pgfmathfunctions.misc.code.
tex)
(/usr/share/texlive/texmf-dist/tex/generic/pgf/math/pgfmathfunctions.integerari
thmetics.code.tex)))
(/usr/share/texlive/texmf-dist/tex/generic/pgf/math/pgfmathfloat.code.tex
\c@pgfmathroundto@lastzeros=\count114
))
(/usr/share/texlive/texmf-dist/tex/generic/pgf/basiclayer/pgfcorepoints.code.te
x
File: pgfcorepoints.code.tex 2013/10/07  (rcs-revision 1.27)
\pgf@picminx=\dimen126
\pgf@picmaxx=\dimen127
\pgf@picminy=\dimen128
\pgf@picmaxy=\dimen129
\pgf@pathminx=\dimen130
\pgf@pathmaxx=\dimen131
\pgf@pathminy=\dimen132
\pgf@pathmaxy=\dimen133
\pgf@xx=\dimen134
\pgf@xy=\dimen135
\pgf@yx=\dimen136
\pgf@yy=\dimen137
\pgf@zx=\dimen138
\pgf@zy=\dimen139
)
(/usr/share/texlive/texmf-dist/tex/generic/pgf/basiclayer/pgfcorepathconstruct.
code.tex
File: pgfcorepathconstruct.code.tex 2013/10/07  (rcs-revision 1.29)
\pgf@path@lastx=\dimen140
\pgf@path@lasty=\dimen141
)
(/usr/share/texlive/texmf-dist/tex/generic/pgf/basiclayer/pgfcorepathusage.code
.tex
File: pgfcorepathusage.code.tex 2013/12/13  (rcs-revision 1.23)
\pgf@shorten@end@additional=\dimen142
\pgf@shorten@start@additional=\dimen143
)
(/usr/share/texlive/texmf-dist/tex/generic/pgf/basiclayer/pgfcorescopes.code.te
x
File: pgfcorescopes.code.tex 2013/10/09  (rcs-revision 1.44)
\pgfpic=\box31
\pgf@hbox=\box32
\pgf@layerbox@main=\box33
\pgf@picture@serial@count=\count115
)
(/usr/share/texlive/texmf-dist/tex/generic/pgf/basiclayer/pgfcoregraphicstate.c
ode.tex
File: pgfcoregraphicstate.code.tex 2013/09/19  (rcs-revision 1.11)
\pgflinewidth=\dimen144
)
(/usr/share/texlive/texmf-dist/tex/generic/pgf/basiclayer/pgfcoretransformation
s.code.tex
File: pgfcoretransformations.code.tex 2013/10/10  (rcs-revision 1.17)
\pgf@pt@x=\dimen145
\pgf@pt@y=\dimen146
\pgf@pt@temp=\dimen147
)
(/usr/share/texlive/texmf-dist/tex/generic/pgf/basiclayer/pgfcorequick.code.tex
File: pgfcorequick.code.tex 2008/10/09  (rcs-revision 1.3)
)
(/usr/share/texlive/texmf-dist/tex/generic/pgf/basiclayer/pgfcoreobjects.code.t
ex
File: pgfcoreobjects.code.tex 2006/10/11  (rcs-revision 1.2)
)
(/usr/share/texlive/texmf-dist/tex/generic/pgf/basiclayer/pgfcorepathprocessing
.code.tex
File: pgfcorepathprocessing.code.tex 2013/09/09  (rcs-revision 1.9)
)
(/usr/share/texlive/texmf-dist/tex/generic/pgf/basiclayer/pgfcorearrows.code.te
x
File: pgfcorearrows.code.tex 2013/11/07  (rcs-revision 1.40)
\pgfarrowsep=\dimen148
)
(/usr/share/texlive/texmf-dist/tex/generic/pgf/basiclayer/pgfcoreshade.code.tex
File: pgfcoreshade.code.tex 2013/07/15  (rcs-revision 1.15)
\pgf@max=\dimen149
\pgf@sys@shading@range@num=\count116
)
(/usr/share/texlive/texmf-dist/tex/generic/pgf/basiclayer/pgfcoreimage.code.tex
File: pgfcoreimage.code.tex 2013/07/15  (rcs-revision 1.18)

(/usr/share/texlive/texmf-dist/tex/generic/pgf/basiclayer/pgfcoreexternal.code.
tex
File: pgfcoreexternal.code.tex 2013/07/15  (rcs-revision 1.20)
\pgfexternal@startupbox=\box34
))
(/usr/share/texlive/texmf-dist/tex/generic/pgf/basiclayer/pgfcorelayers.code.te
x
File: pgfcorelayers.code.tex 2013/07/18  (rcs-revision 1.7)
)
(/usr/share/texlive/texmf-dist/tex/generic/pgf/basiclayer/pgfcoretransparency.c
ode.tex
File: pgfcoretransparency.code.tex 2013/09/30  (rcs-revision 1.5)
)
(/usr/share/texlive/texmf-dist/tex/generic/pgf/basiclayer/pgfcorepatterns.code.
tex
File: pgfcorepatterns.code.tex 2013/11/07  (rcs-revision 1.5)
)))
(/usr/share/texlive/texmf-dist/tex/generic/pgf/modules/pgfmoduleshapes.code.tex
File: pgfmoduleshapes.code.tex 2013/10/31  (rcs-revision 1.34)
\pgfnodeparttextbox=\box35
) (/usr/share/texlive/texmf-dist/tex/generic/pgf/modules/pgfmoduleplot.code.tex
File: pgfmoduleplot.code.tex 2013/07/31  (rcs-revision 1.12)
)
(/usr/share/texlive/texmf-dist/tex/latex/pgf/compatibility/pgfcomp-version-0-65
.sty
Package: pgfcomp-version-0-65 2007/07/03 v3.0.0 (rcs-revision 1.7)
\pgf@nodesepstart=\dimen150
\pgf@nodesepend=\dimen151
)
(/usr/share/texlive/texmf-dist/tex/latex/pgf/compatibility/pgfcomp-version-1-18
.sty
Package: pgfcomp-version-1-18 2007/07/23 v3.0.0 (rcs-revision 1.1)
)) (/usr/share/texlive/texmf-dist/tex/latex/pgf/utilities/pgffor.sty
(/usr/share/texlive/texmf-dist/tex/latex/pgf/utilities/pgfkeys.sty
(/usr/share/texlive/texmf-dist/tex/generic/pgf/utilities/pgfkeys.code.tex))
(/usr/share/texlive/texmf-dist/tex/latex/pgf/math/pgfmath.sty
(/usr/share/texlive/texmf-dist/tex/generic/pgf/math/pgfmath.code.tex))
(/usr/share/texlive/texmf-dist/tex/generic/pgf/utilities/pgffor.code.tex
Package: pgffor 2013/12/13 v3.0.0 (rcs-revision 1.25)

(/usr/share/texlive/texmf-dist/tex/generic/pgf/math/pgfmath.code.tex)
\pgffor@iter=\dimen152
\pgffor@skip=\dimen153
\pgffor@stack=\toks27
\pgffor@toks=\toks28
))
(/usr/share/texlive/texmf-dist/tex/generic/pgf/frontendlayer/tikz/tikz.code.tex
Package: tikz 2013/12/13 v3.0.0 (rcs-revision 1.142)

(/usr/share/texlive/texmf-dist/tex/generic/pgf/libraries/pgflibraryplothandlers
.code.tex
File: pgflibraryplothandlers.code.tex 2013/08/31 v3.0.0 (rcs-revision 1.20)
\pgf@plot@mark@count=\count117
\pgfplotmarksize=\dimen154
)
\tikz@lastx=\dimen155
\tikz@lasty=\dimen156
\tikz@lastxsaved=\dimen157
\tikz@lastysaved=\dimen158
\tikzleveldistance=\dimen159
\tikzsiblingdistance=\dimen160
\tikz@figbox=\box36
\tikz@figbox@bg=\box37
\tikz@tempbox=\box38
\tikz@tempbox@bg=\box39
\tikztreelevel=\count118
\tikznumberofchildren=\count119
\tikznumberofcurrentchild=\count120
\tikz@fig@count=\count121

(/usr/share/texlive/texmf-dist/tex/generic/pgf/modules/pgfmodulematrix.code.tex
File: pgfmodulematrix.code.tex 2013/09/17  (rcs-revision 1.8)
\pgfmatrixcurrentrow=\count122
\pgfmatrixcurrentcolumn=\count123
\pgf@matrix@numberofcolumns=\count124
)
\tikz@expandcount=\count125

(/usr/share/texlive/texmf-dist/tex/generic/pgf/frontendlayer/tikz/libraries/tik
zlibrarytopaths.code.tex
File: tikzlibrarytopaths.code.tex 2008/06/17 v3.0.0 (rcs-revision 1.2)
)))
(/usr/share/texlive/texmf-dist/tex/latex/caption/caption.sty
Package: caption 2013/05/02 v3.3-89 Customizing captions (AR)

(/usr/share/texlive/texmf-dist/tex/latex/caption/caption3.sty
Package: caption3 2013/05/02 v1.6-88 caption3 kernel (AR)
Package caption3 Info: TeX engine: e-TeX on input line 57.
\captionmargin=\dimen161
\captionmargin@=\dimen162
\captionwidth=\dimen163
\caption@tempdima=\dimen164
\caption@indent=\dimen165
\caption@parindent=\dimen166
\caption@hangindent=\dimen167
)
\c@ContinuedFloat=\count126
Package caption Info: hyperref package is loaded.
Package caption Info: listings package is loaded.
Package caption Info: wrapfig package is loaded.
)
(/usr/share/texlive/texmf-dist/tex/latex/caption/subcaption.sty
Package: subcaption 2013/02/03 v1.1-62 Sub-captions (AR)
\c@subfigure=\count127
\c@subtable=\count128
)
(/usr/share/texlive/texmf-dist/tex/generic/pgf/frontendlayer/tikz/libraries/tik
zlibraryshapes.code.tex
File: tikzlibraryshapes.code.tex 2008/01/09 v3.0.0 (rcs-revision 1.1)

(/usr/share/texlive/texmf-dist/tex/generic/pgf/frontendlayer/tikz/libraries/tik
zlibraryshapes.geometric.code.tex
File: tikzlibraryshapes.geometric.code.tex 2008/01/09 v3.0.0 (rcs-revision 1.1)


(/usr/share/texlive/texmf-dist/tex/generic/pgf/libraries/shapes/pgflibraryshape
s.geometric.code.tex
File: pgflibraryshapes.geometric.code.tex 2008/06/26 v3.0.0 (rcs-revision 1.1)
))
(/usr/share/texlive/texmf-dist/tex/generic/pgf/frontendlayer/tikz/libraries/tik
zlibraryshapes.misc.code.tex
File: tikzlibraryshapes.misc.code.tex 2008/01/09 v3.0.0 (rcs-revision 1.1)

(/usr/share/texlive/texmf-dist/tex/generic/pgf/libraries/shapes/pgflibraryshape
s.misc.code.tex
File: pgflibraryshapes.misc.code.tex 2013/07/18 v3.0.0 (rcs-revision 1.5)
))
(/usr/share/texlive/texmf-dist/tex/generic/pgf/frontendlayer/tikz/libraries/tik
zlibraryshapes.symbols.code.tex
File: tikzlibraryshapes.symbols.code.tex 2008/01/09 v3.0.0 (rcs-revision 1.1)

(/usr/share/texlive/texmf-dist/tex/generic/pgf/libraries/shapes/pgflibraryshape
s.symbols.code.tex
File: pgflibraryshapes.symbols.code.tex 2013/09/11 v3.0.0 (rcs-revision 1.6)
))
(/usr/share/texlive/texmf-dist/tex/generic/pgf/frontendlayer/tikz/libraries/tik
zlibraryshapes.arrows.code.tex
File: tikzlibraryshapes.arrows.code.tex 2008/01/09 v3.0.0 (rcs-revision 1.1)

(/usr/share/texlive/texmf-dist/tex/generic/pgf/libraries/shapes/pgflibraryshape
s.arrows.code.tex
File: pgflibraryshapes.arrows.code.tex 2008/06/26 v3.0.0 (rcs-revision 1.1)
))
(/usr/share/texlive/texmf-dist/tex/generic/pgf/frontendlayer/tikz/libraries/tik
zlibraryshapes.callouts.code.tex
(/usr/share/texlive/texmf-dist/tex/generic/pgf/libraries/shapes/pgflibraryshape
s.callouts.code.tex))
(/usr/share/texlive/texmf-dist/tex/generic/pgf/frontendlayer/tikz/libraries/tik
zlibraryshapes.multipart.code.tex
File: tikzlibraryshapes.multipart.code.tex 2008/01/09 v3.0.0 (rcs-revision 1.1)


(/usr/share/texlive/texmf-dist/tex/generic/pgf/libraries/shapes/pgflibraryshape
s.multipart.code.tex
File: pgflibraryshapes.multipart.code.tex 2010/01/07 v3.0.0 (rcs-revision 1.2)
\pgfnodepartlowerbox=\box40
\pgfnodeparttwobox=\box41
\pgfnodepartthreebox=\box42
\pgfnodepartfourbox=\box43
\pgfnodeparttwentybox=\box44
\pgfnodepartnineteenbox=\box45
\pgfnodeparteighteenbox=\box46
\pgfnodepartseventeenbox=\box47
\pgfnodepartsixteenbox=\box48
\pgfnodepartfifteenbox=\box49
\pgfnodepartfourteenbox=\box50
\pgfnodepartthirteenbox=\box51
\pgfnodeparttwelvebox=\box52
\pgfnodepartelevenbox=\box53
\pgfnodeparttenbox=\box54
\pgfnodepartninebox=\box55
\pgfnodeparteightbox=\box56
\pgfnodepartsevenbox=\box57
\pgfnodepartsixbox=\box58
\pgfnodepartfivebox=\box59
)))
(/usr/share/texlive/texmf-dist/tex/generic/pgf/frontendlayer/tikz/libraries/tik
zlibrarypositioning.code.tex
File: tikzlibrarypositioning.code.tex 2008/10/06 v3.0.0 (rcs-revision 1.7)
)
(/usr/share/texlive/texmf-dist/tex/latex/pdfpages/pdfpages.sty
Package: pdfpages 2013/08/25 v0.4v Insert pages of external PDF documents (AM)

(/usr/share/texlive/texmf-dist/tex/latex/base/ifthen.sty
Package: ifthen 2014/09/29 v1.1c Standard LaTeX ifthen package (DPC)
)
(/usr/share/texlive/texmf-dist/tex/latex/tools/calc.sty
Package: calc 2014/10/28 v4.3 Infix arithmetic (KKT,FJ)
\calc@Acount=\count129
\calc@Bcount=\count130
\calc@Adimen=\dimen168
\calc@Bdimen=\dimen169
\calc@Askip=\skip44
\calc@Bskip=\skip45
LaTeX Info: Redefining \setlength on input line 75.
LaTeX Info: Redefining \addtolength on input line 76.
\calc@Ccount=\count131
\calc@Cskip=\skip46
)
(/usr/share/texlive/texmf-dist/tex/latex/eso-pic/eso-pic.sty
Package: eso-pic 2013/10/06 v2.0d eso-pic (RN)
)
(/usr/share/texlive/texmf-dist/tex/latex/pdfpages/pppdftex.def
File: pppdftex.def 2013/08/25 v0.4v Pdfpages driver for pdfTeX (AM)
)
\AM@pagebox=\box60
\AM@toc@title=\toks29
\c@AM@survey=\count132
\AM@templatesizebox=\box61
)
(/usr/share/texlive/texmf-dist/tex/latex/tools/longtable.sty
Package: longtable 2014/10/28 v4.11 Multi-page Table package (DPC)
\LTleft=\skip47
\LTright=\skip48
\LTpre=\skip49
\LTpost=\skip50
\LTchunksize=\count133
\LTcapwidth=\dimen170
\LT@head=\box62
\LT@firsthead=\box63
\LT@foot=\box64
\LT@lastfoot=\box65
\LT@cols=\count134
\LT@rows=\count135
\c@LT@tables=\count136
\c@LT@chunks=\count137
\LT@p@ftn=\toks30
)
(/usr/share/texlive/texmf-dist/tex/latex/appendix/appendix.sty
Package: appendix 2009/09/02 v1.2b extra appendix facilities
\c@@pps=\count138
\c@@ppsavesec=\count139
\c@@ppsaveapp=\count140
)
(/usr/share/texlive/texmf-dist/tex/latex/tools/array.sty
Package: array 2014/10/28 v2.4c Tabular extension package (FMi)
\col@sep=\dimen171
\extrarowheight=\dimen172
\NC@list=\toks31
\extratabsurround=\skip51
\backup@length=\skip52
)
(/usr/share/texlive/texmf-dist/tex/latex/capt-of/capt-of.sty
Package: capt-of 2009/12/29 v0.2 standard captions outside of floats
) (./project.aux

LaTeX Warning: Label `apache' multiply defined.

)
\openout1 = `project.aux'.

LaTeX Font Info:    Checking defaults for OML/cmm/m/it on input line 33.
LaTeX Font Info:    ... okay on input line 33.
LaTeX Font Info:    Checking defaults for T1/cmr/m/n on input line 33.
LaTeX Font Info:    ... okay on input line 33.
LaTeX Font Info:    Checking defaults for OT1/cmr/m/n on input line 33.
LaTeX Font Info:    ... okay on input line 33.
LaTeX Font Info:    Checking defaults for OMS/cmsy/m/n on input line 33.
LaTeX Font Info:    ... okay on input line 33.
LaTeX Font Info:    Checking defaults for OMX/cmex/m/n on input line 33.
LaTeX Font Info:    ... okay on input line 33.
LaTeX Font Info:    Checking defaults for U/cmr/m/n on input line 33.
LaTeX Font Info:    ... okay on input line 33.
LaTeX Font Info:    Checking defaults for PD1/pdf/m/n on input line 33.
LaTeX Font Info:    ... okay on input line 33.
 (/usr/share/texlive/texmf-dist/tex/context/base/supp-pdf.mkii
[Loading MPS to PDF converter (version 2006.09.02).]
\scratchcounter=\count141
\scratchdimen=\dimen173
\scratchbox=\box66
\nofMPsegments=\count142
\nofMParguments=\count143
\everyMPshowfont=\toks32
\MPscratchCnt=\count144
\MPscratchDim=\dimen174
\MPnumerator=\count145
\makeMPintoPDFobject=\count146
\everyMPtoPDFconversion=\toks33
) (/usr/share/texlive/texmf-dist/tex/latex/oberdiek/epstopdf-base.sty
Package: epstopdf-base 2010/02/09 v2.5 Base part for package epstopdf

(/usr/share/texlive/texmf-dist/tex/latex/oberdiek/grfext.sty
Package: grfext 2010/08/19 v1.1 Manage graphics extensions (HO)
)
Package grfext Info: Graphics extension search list:
(grfext)             [.png,.pdf,.jpg,.mps,.jpeg,.jbig2,.jb2,.PNG,.PDF,.JPG,.JPE
G,.JBIG2,.JB2,.eps]
(grfext)             \AppendGraphicsExtensions on input line 452.

(/usr/share/texlive/texmf-dist/tex/latex/latexconfig/epstopdf-sys.cfg
File: epstopdf-sys.cfg 2010/07/13 v1.3 Configuration of (r)epstopdf for TeX Liv
e
))
\AtBeginShipoutBox=\box67
Package hyperref Info: Link coloring OFF on input line 33.

(/usr/share/texlive/texmf-dist/tex/latex/hyperref/nameref.sty
Package: nameref 2012/10/27 v2.43 Cross-referencing by name of section

(/usr/share/texlive/texmf-dist/tex/generic/oberdiek/gettitlestring.sty
Package: gettitlestring 2010/12/03 v1.4 Cleanup title references (HO)
)
\c@section@level=\count147
)
LaTeX Info: Redefining \ref on input line 33.
LaTeX Info: Redefining \pageref on input line 33.
LaTeX Info: Redefining \nameref on input line 33.

(./project.out) (./project.out)
\@outlinefile=\write4
\openout4 = `project.out'.

\c@lstlisting=\count148
 ABD: EveryShipout initializing macros
Package caption Info: Begin \AtBeginDocument code.
Package caption Info: longtable package is loaded.

(/usr/share/texlive/texmf-dist/tex/latex/caption/ltcaption.sty
Package: ltcaption 2013/02/03 v1.3-62 longtable captions (AR)
)
Package caption Info: End \AtBeginDocument code.
LaTeX Font Info:    External font `cmex10' loaded for size
(Font)              <14.4> on input line 36.
LaTeX Font Info:    External font `cmex10' loaded for size
(Font)              <7> on input line 36.

Overfull \hbox (12.0pt too wide) in paragraph at lines 36--36
 [][] 
 []

[0

{/var/lib/texmf/fonts/map/pdftex/updmap/pdftex.map}] (./project.toc
LaTeX Font Info:    External font `cmex10' loaded for size
(Font)              <12> on input line 2.
LaTeX Font Info:    External font `cmex10' loaded for size
(Font)              <8> on input line 2.
LaTeX Font Info:    External font `cmex10' loaded for size
(Font)              <6> on input line 2.
 [1]
[2] [3])
\tf@toc=\write5
\openout5 = `project.toc'.

 (./project.lof [4])
\tf@lof=\write6
\openout6 = `project.lof'.

 (./project.lot)
\tf@lot=\write7
\openout7 = `project.lot'.

 [5]
LaTeX Font Info:    Try loading font information for OMS+cmr on input line 64.

(/usr/share/texlive/texmf-dist/tex/latex/base/omscmr.fd
File: omscmr.fd 2014/09/29 v2.5h Standard LaTeX font definitions
)
LaTeX Font Info:    Font shape `OMS/cmr/m/n' in size <12> not available
(Font)              Font shape `OMS/cmsy/m/n' tried instead on input line 64.
 [1] [2]
Overfull \hbox (1.57521pt too wide) in paragraph at lines 107--108
[]\OT1/cmr/bx/n/12 Facebook\OT1/cmr/m/n/12 . Al-though Face-book will not it-se
lf be in-volved in the project,
 []

[3] [4] [5] <system.JPG, id=561, 446.8695pt x 343.2825pt>
File: system.JPG Graphic file (type jpg)
 <use system.JPG>
Package pdftex.def Info: system.JPG used on input line 202.
(pdftex.def)             Requested size: 390.0pt x 299.61191pt.

[6] [7 <./system.JPG>] [8] [9] [10] [11] [12] [13] [14] [15]
Overfull \hbox (33.23143pt too wide) in paragraph at lines 518--519
[][] 
 []


Underfull \hbox (badness 2707) in paragraph at lines 540--540
[]|\OT1/cmr/m/n/12 view other vi-su-al-i-sa-
 []


Overfull \hbox (24.4pt too wide) in paragraph at lines 529--542
 [][] 
 []

[16] [17] [18] <bubbles.jpg, id=672, 311.1625pt x 281.05pt>
File: bubbles.jpg Graphic file (type jpg)
 <use bubbles.jpg>
Package pdftex.def Info: bubbles.jpg used on input line 571.
(pdftex.def)             Requested size: 311.16174pt x 281.0493pt.

[19 <./bubbles.jpg>] <network.jpg, id=683, 311.1625pt x 351.3125pt>
File: network.jpg Graphic file (type jpg)

<use network.jpg>
Package pdftex.def Info: network.jpg used on input line 586.
(pdftex.def)             Requested size: 311.16174pt x 351.31163pt.
 [20] [21 <./network.jpg>]
LaTeX Font Info:    Try loading font information for OML+cmr on input line 614.


(/usr/share/texlive/texmf-dist/tex/latex/base/omlcmr.fd
File: omlcmr.fd 2014/09/29 v2.5h Standard LaTeX font definitions
)
LaTeX Font Info:    Font shape `OML/cmr/m/n' in size <12> not available
(Font)              Font shape `OML/cmm/m/it' tried instead on input line 614.

Overfull \hbox (75.2992pt too wide) in paragraph at lines 614--615
[][][][][][][][][][][][][][][][][][][][][][][][][][][] 
 []


Overfull \hbox (75.2992pt too wide) in paragraph at lines 618--619
[][][][][][][][][][][][][][][][][][][][][][][][][][][] 
 []

[22] <graph.jpg, id=712, 599.99156pt x 353.82187pt>
File: graph.jpg Graphic file (type jpg)
 <use graph.jpg>
Package pdftex.def Info: graph.jpg used on input line 628.
(pdftex.def)             Requested size: 390.0pt x 229.99228pt.
 [23 <./graph.jpg>] <bubblechart.PNG, id=719, 237.88875pt x 237.13594pt>
File: bubblechart.PNG Graphic file (type png)

<use bubblechart.PNG>
Package pdftex.def Info: bubblechart.PNG used on input line 640.
(pdftex.def)             Requested size: 390.0pt x 388.78603pt.


Package caption Warning: The option `hypcap=true' will be ignored for this
(caption)                particular \caption on input line 641.
See the caption package documentation for explanation.

[24] <packlayout.PNG, id=726, 237.88875pt x 237.88875pt>
File: packlayout.PNG Graphic file (type png)
 <use packlayout.PNG>
Package pdftex.def Info: packlayout.PNG used on input line 647.
(pdftex.def)             Requested size: 237.88815pt x 237.88815pt.

[25 <./bubblechart.PNG>] [26 <./packlayout.PNG>]
<djangostruc.jpg, id=740, 401.5pt x 431.6125pt>
File: djangostruc.jpg Graphic file (type jpg)
 <use djangostruc.jpg>
Package pdftex.def Info: djangostruc.jpg used on input line 673.
(pdftex.def)             Requested size: 390.0pt x 419.2761pt.


Package caption Warning: The option `hypcap=true' will be ignored for this
(caption)                particular \caption on input line 674.
See the caption package documentation for explanation.

[27] [28 <./djangostruc.jpg>] <neo4jdb.jpg, id=754, 311.1625pt x 351.3125pt>
File: neo4jdb.jpg Graphic file (type jpg)

<use neo4jdb.jpg>
Package pdftex.def Info: neo4jdb.jpg used on input line 690.
(pdftex.def)             Requested size: 311.16174pt x 351.31163pt.


Package caption Warning: The option `hypcap=true' will be ignored for this
(caption)                particular \caption on input line 691.
See the caption package documentation for explanation.

[29]
Overfull \hbox (12.0785pt too wide) in paragraph at lines 694--695
[]\OT1/cmr/m/n/12 The fol-low-ing func-tions were used to sup-port the graph da
tabase: \OT1/cmtt/m/n/12 getPerson()\OT1/cmr/m/n/12 ,
 []

[30 <./neo4jdb.jpg>]
Package hyperref Info: bookmark level for unknown lstlisting defaults to 0 on i
nput line 706.
 [31]
Overfull \hbox (61.19922pt too wide) in paragraph at lines 735--736
[][][][][][][][][][][][][][][][][][][][][] 
 []


Overfull \hbox (68.2492pt too wide) in paragraph at lines 743--744
[][][][][][][][][][][][][][][][][][][][][] 
 []


Overfull \hbox (68.2492pt too wide) in paragraph at lines 751--752
[][][][][][][][][][][][][][][][][][][][][] 
 []

[32]
Overfull \hbox (61.19922pt too wide) in paragraph at lines 780--781
[][][][][][][][][][][][][][][][][][][] 
 []

[33] [34] [35] <scrum.JPG, id=873, 974.4405pt x 477.58424pt>
File: scrum.JPG Graphic file (type jpg)
 <use scrum.JPG>
Package pdftex.def Info: scrum.JPG used on input line 831.
(pdftex.def)             Requested size: 390.0pt x 191.13962pt.


Package caption Warning: The option `hypcap=true' will be ignored for this
(caption)                particular \caption on input line 832.
See the caption package documentation for explanation.

[36]
Overfull \hbox (3.24124pt too wide) in paragraph at lines 843--843
 []|\OT1/cmr/m/n/12 Estimate 
 []


Overfull \hbox (1.433pt too wide) in alignment at lines 840--880
 [] [] [] [] 
 []


Underfull \hbox (badness 1817) in paragraph at lines 883--883
[]|\OT1/cmr/m/n/12 Implement the HTTPS pro-to-col on the
 []


Overfull \hbox (1.433pt too wide) in alignment at lines 880--889
 [] [] [] [] 
 []

[37 <./scrum.JPG>] [38] [39] <trello.JPG, id=900, 850.97925pt x 543.2295pt>
File: trello.JPG Graphic file (type jpg)

<use trello.JPG>
Package pdftex.def Info: trello.JPG used on input line 897.
(pdftex.def)             Requested size: 390.0pt x 248.96022pt.


Package caption Warning: The option `hypcap=true' will be ignored for this
(caption)                particular \caption on input line 898.
See the caption package documentation for explanation.

[40] <slick.JPG, id=910, 1143.67274pt x 514.3215pt>
File: slick.JPG Graphic file (type jpg)
 <use slick.JPG>
Package pdftex.def Info: slick.JPG used on input line 903.
(pdftex.def)             Requested size: 390.0pt x 175.38495pt.


Package caption Warning: The option `hypcap=true' will be ignored for this
(caption)                particular \caption on input line 904.
See the caption package documentation for explanation.

[41 <./trello.JPG>] [42 <./slick.JPG>]
Overfull \hbox (11.87726pt too wide) in alignment at lines 924--952
 [] [] [] [] [] [] 
 []

[43] [44] <gantt.JPG, id=939, 779.3115pt x 449.2785pt>
File: gantt.JPG Graphic file (type jpg)
 <use gantt.JPG>
Package pdftex.def Info: gantt.JPG used on input line 972.
(pdftex.def)             Requested size: 390.0pt x 224.84435pt.


Package caption Warning: The option `hypcap=true' will be ignored for this
(caption)                particular \caption on input line 973.
See the caption package documentation for explanation.

[45] [46 <./gantt.JPG>] [47]
LaTeX Font Info:    External font `cmex10' loaded for size
(Font)              <10.95> on input line 1015.

Underfull \hbox (badness 2856) in paragraph at lines 1019--1019
[]|\OT1/cmr/m/n/10.95 What did not go
 []


Underfull \hbox (badness 1571) in paragraph at lines 1023--1023
\OT1/cmr/m/n/10.95 the com-mence-ment
 []


Underfull \hbox (badness 10000) in paragraph at lines 1023--1024
[]|\OT1/cmr/m/n/10.95 More thor-ough
 []


Underfull \hbox (badness 10000) in paragraph at lines 1023--1024
\OT1/cmr/m/n/10.95 project plan-ning
 []


Underfull \hbox (badness 4429) in paragraph at lines 1023--1024
\OT1/cmr/m/n/10.95 in terms of code
 []


Underfull \hbox (badness 7030) in paragraph at lines 1023--1024
\OT1/cmr/m/n/10.95 struc-ture and ar-
 []


Underfull \hbox (badness 6364) in paragraph at lines 1023--1024
\OT1/cmr/m/n/10.95 chi-tec-ture can be
 []


Underfull \hbox (badness 10000) in paragraph at lines 1025--1025
[]|\OT1/cmr/m/n/10.95 Team com-mu-ni-ca-
 []


Underfull \hbox (badness 10000) in paragraph at lines 1025--1025
\OT1/cmr/m/n/10.95 be-ing said, team
 []


Underfull \hbox (badness 10000) in paragraph at lines 1025--1025
\OT1/cmr/m/n/10.95 in-ter-ac-tion and
 []


Underfull \hbox (badness 10000) in paragraph at lines 1025--1025
\OT1/cmr/m/n/10.95 help was still a
 []


Underfull \hbox (badness 4819) in paragraph at lines 1025--1025
\OT1/cmr/m/n/10.95 con-tribut-ing fac-tor
 []


Underfull \hbox (badness 10000) in paragraph at lines 1025--1025
[]|\OT1/cmr/m/n/10.95 Clearly de-fined
 []


Underfull \hbox (badness 1194) in paragraph at lines 1025--1025
\OT1/cmr/m/n/10.95 re-quire-ments as to
 []


Underfull \hbox (badness 7595) in paragraph at lines 1025--1025
\OT1/cmr/m/n/10.95 what was needed
 []


Underfull \hbox (badness 7203) in paragraph at lines 1025--1025
\OT1/cmr/m/n/10.95 from the "client"
 []


Underfull \hbox (badness 5622) in paragraph at lines 1025--1025
\OT1/cmr/m/n/10.95 the sprint, which
 []


Underfull \hbox (badness 10000) in paragraph at lines 1025--1026
\OT1/cmr/m/n/10.95 end vi-su-al-i-sa-tions
 []


Underfull \hbox (badness 1320) in paragraph at lines 1025--1026
\OT1/cmr/m/n/10.95 with back-end, re-
 []


Underfull \hbox (badness 5203) in paragraph at lines 1025--1026
\OT1/cmr/m/n/10.95 triev-ing real data
 []


Underfull \hbox (badness 1371) in paragraph at lines 1025--1026
\OT1/cmr/m/n/10.95 and cre-ate vi-su-al-i-
 []


Underfull \hbox (badness 10000) in paragraph at lines 1027--1027
[]|\OT1/cmr/m/n/10.95 Each mem-ber of
 []


Underfull \hbox (badness 10000) in paragraph at lines 1027--1027
\OT1/cmr/m/n/10.95 web ap-pli-ca-tion
 []


Underfull \hbox (badness 4229) in paragraph at lines 1027--1027
[]|\OT1/cmr/m/n/10.95 There was not a
 []


Underfull \hbox (badness 10000) in paragraph at lines 1027--1027
\OT1/cmr/m/n/10.95 lot of time left
 []


Underfull \hbox (badness 1533) in paragraph at lines 1027--1027
\OT1/cmr/m/n/10.95 for in-te-grat-ing the
 []


Underfull \hbox (badness 10000) in paragraph at lines 1027--1027
\OT1/cmr/m/n/10.95 com-po-nents and
 []


Underfull \hbox (badness 10000) in paragraph at lines 1027--1027
\OT1/cmr/m/n/10.95 there-fore un-nec-es-
 []


Underfull \hbox (badness 10000) in paragraph at lines 1027--1028
[]|\OT1/cmr/m/n/10.95 A bet-ter es-ti-ma-
 []


Underfull \hbox (badness 3158) in paragraph at lines 1027--1028
\OT1/cmr/m/n/10.95 tion for the time
 []


Underfull \hbox (badness 1400) in paragraph at lines 1027--1028
\OT1/cmr/m/n/10.95 each task takes is
 []


Underfull \hbox (badness 1629) in paragraph at lines 1027--1028
\OT1/cmr/m/n/10.95 re-quired. A bet-
 []


Underfull \hbox (badness 10000) in paragraph at lines 1027--1028
\OT1/cmr/m/n/10.95 ter vi-sual de-sign
 []


Underfull \hbox (badness 2409) in paragraph at lines 1027--1028
\OT1/cmr/m/n/10.95 of the web ap-pli-
 []


Underfull \hbox (badness 10000) in paragraph at lines 1027--1028
\OT1/cmr/m/n/10.95 ca-tion must be
 []


Overfull \hbox (1.43256pt too wide) in paragraph at lines 1015--1032
[][] 
 []


LaTeX Warning: `!h' float specifier changed to `!ht'.

[48] [49]
Underfull \hbox (badness 10000) in paragraph at lines 1053--1054
[]\OT1/cmr/m/n/12 Statista. []$\OT1/cmtt/m/n/12 http : / / www . statista . com
 / statistics / 264810 /
 []


Underfull \hbox (badness 10000) in paragraph at lines 1053--1054
\OT1/cmtt/m/n/12 number-[]of-[]monthly-[]active-[]facebook-[]users-[]worldwide/
$[]\OT1/cmr/m/n/12 . Last
 []

[50]
Underfull \hbox (badness 10000) in paragraph at lines 1067--1068
[]\OT1/cmr/m/n/12 Django Soft-ware Foun-da-tion. \OT1/cmr/m/it/12 Django Overvi
ew\OT1/cmr/m/n/12 . []$\OT1/cmtt/m/n/12 https : / / www .
 []

[51pdfTeX warning (ext4): destination with the same identifier (name{cite.apach
e}) has been already used, duplicate ignored

\AtBegShi@Output ...ipout \box \AtBeginShipoutBox 
                                                  \fi \fi 
l.1085 		\bibitem{JSON}
                        JSON. \url{http://www.json.org/}, Last accessed 10 A...
]
Underfull \hbox (badness 10000) in paragraph at lines 1087--1088
[]\OT1/cmr/m/it/12 The Ad-van-tages of us-ing SVG []$\OT1/cmtt/m/n/12 http :
 []


Underfull \hbox (badness 10000) in paragraph at lines 1087--1088
\OT1/cmtt/m/n/12 / / www . todaysoftmag . com / article / 1067 /
 []


Underfull \hbox (badness 10000) in paragraph at lines 1087--1088
\OT1/cmtt/m/n/12 the-[]advantages-[]of-[]using-[]svg-[]scalable-[]vector-[]grap
hics$[] \OT1/cmr/m/n/12 Last
 []


Underfull \hbox (badness 3579) in paragraph at lines 1089--1090
[]\OT1/cmr/m/n/12 mod[]wsgi. []$\OT1/cmtt/m/n/12 https : / / modwsgi . readthed
ocs . org / en / develop/$[]\OT1/cmr/m/n/12 , Last
 []


Underfull \hbox (badness 10000) in paragraph at lines 1093--1094
[]\OT1/cmr/m/n/12 Cohn M. \OT1/cmr/m/it/12 What Are Ag-ile & Scrum\OT1/cmr/m/n/
12 . []$\OT1/cmtt/m/n/12 https : / / www .
 []

[52] [53] [54] [55] [56] [57]
<Minutes.pdf, id=1079, 597.55246pt x 845.07718pt>
File: Minutes.pdf Graphic file (type pdf)
 <use Minutes.pdf>
Package pdftex.def Info: Minutes.pdf used on input line 1357.
(pdftex.def)             Requested size: 597.551pt x 845.07512pt.
File: Minutes.pdf Graphic file (type pdf)

<use Minutes.pdf>
Package pdftex.def Info: Minutes.pdf used on input line 1357.
(pdftex.def)             Requested size: 597.551pt x 845.07512pt.
 [58]
<Minutes.pdf, id=1092, page=1, 597.55246pt x 845.07718pt>
File: Minutes.pdf Graphic file (type pdf)

<use Minutes.pdf, page 1>
Package pdftex.def Info: Minutes.pdf, page1 used on input line 1357.
(pdftex.def)             Requested size: 597.551pt x 845.07512pt.
File: Minutes.pdf Graphic file (type pdf)
 <use Minutes.pdf, page 1>
Package pdftex.def Info: Minutes.pdf, page1 used on input line 1357.
(pdftex.def)             Requested size: 478.04262pt x 676.06267pt.
File: Minutes.pdf Graphic file (type pdf)
 <use Minutes.pdf, page 1>
Package pdftex.def Info: Minutes.pdf, page1 used on input line 1357.
(pdftex.def)             Requested size: 478.04262pt x 676.06267pt.
File: Minutes.pdf Graphic file (type pdf)

<use Minutes.pdf, page 1>
Package pdftex.def Info: Minutes.pdf, page1 used on input line 1357.
(pdftex.def)             Requested size: 478.04262pt x 676.06267pt.
File: Minutes.pdf Graphic file (type pdf)
 <use Minutes.pdf, page 1>
Package pdftex.def Info: Minutes.pdf, page1 used on input line 1357.
(pdftex.def)             Requested size: 478.04262pt x 676.06267pt.
 [59 <./Minutes.pdf>]
File: Minutes.pdf Graphic file (type pdf)

<use Minutes.pdf>
Package pdftex.def Info: Minutes.pdf used on input line 1358.
(pdftex.def)             Requested size: 597.551pt x 845.07512pt.
File: Minutes.pdf Graphic file (type pdf)
 <use Minutes.pdf>
Package pdftex.def Info: Minutes.pdf used on input line 1358.
(pdftex.def)             Requested size: 597.551pt x 845.07512pt.

<Minutes.pdf, id=1127, page=2, 597.55246pt x 845.07718pt>
File: Minutes.pdf Graphic file (type pdf)

<use Minutes.pdf, page 2>
Package pdftex.def Info: Minutes.pdf, page2 used on input line 1358.
(pdftex.def)             Requested size: 597.551pt x 845.07512pt.
File: Minutes.pdf Graphic file (type pdf)
 <use Minutes.pdf, page 2>
Package pdftex.def Info: Minutes.pdf, page2 used on input line 1358.
(pdftex.def)             Requested size: 478.04262pt x 676.06267pt.
File: Minutes.pdf Graphic file (type pdf)
 <use Minutes.pdf, page 2>
Package pdftex.def Info: Minutes.pdf, page2 used on input line 1358.
(pdftex.def)             Requested size: 478.04262pt x 676.06267pt.
File: Minutes.pdf Graphic file (type pdf)

<use Minutes.pdf, page 2>
Package pdftex.def Info: Minutes.pdf, page2 used on input line 1358.
(pdftex.def)             Requested size: 478.04262pt x 676.06267pt.
File: Minutes.pdf Graphic file (type pdf)
 <use Minutes.pdf, page 2>
Package pdftex.def Info: Minutes.pdf, page2 used on input line 1358.
(pdftex.def)             Requested size: 478.04262pt x 676.06267pt.
 [60 <./Minutes.pdf>]
<Minutes.pdf, id=1133, page=3, 597.55246pt x 845.07718pt>
File: Minutes.pdf Graphic file (type pdf)

<use Minutes.pdf, page 3>
Package pdftex.def Info: Minutes.pdf, page3 used on input line 1358.
(pdftex.def)             Requested size: 478.04262pt x 676.06267pt.
File: Minutes.pdf Graphic file (type pdf)
 <use Minutes.pdf, page 3>
Package pdftex.def Info: Minutes.pdf, page3 used on input line 1358.
(pdftex.def)             Requested size: 478.04262pt x 676.06267pt.
File: Minutes.pdf Graphic file (type pdf)
 <use Minutes.pdf, page 3>
Package pdftex.def Info: Minutes.pdf, page3 used on input line 1358.
(pdftex.def)             Requested size: 478.04262pt x 676.06267pt.

[61 <./Minutes.pdf>]
Package atveryend Info: Empty hook `BeforeClearDocument' on input line 1360.
Package atveryend Info: Empty hook `AfterLastShipout' on input line 1360.
 (./project.aux)
Package atveryend Info: Executing hook `AtVeryEndDocument' on input line 1360.
Package atveryend Info: Executing hook `AtEndAfterFileList' on input line 1360.

Package rerunfilecheck Info: File `project.out' has not changed.
(rerunfilecheck)             Checksum: B096629E7E287889E59695029F44DAA4;5853.


LaTeX Warning: There were multiply-defined labels.

Package atveryend Info: Empty hook `AtVeryVeryEnd' on input line 1360.
 ) 
Here is how much of TeX's memory you used:
 20863 strings out of 493105
 403708 string characters out of 6137072
 537348 words of memory out of 5000000
 23590 multiletter control sequences out of 15000+600000
 11194 words of font info for 39 fonts, out of 8000000 for 9000
 1141 hyphenation exceptions out of 8191
 55i,19n,67p,1298b,1642s stack positions out of 5000i,500n,10000p,200000b,80000s
</usr/share/texlive/texmf-dist/fonts/type1/public/amsfonts/cm/cmbx10.pfb></us
r/share/texlive/texmf-dist/fonts/type1/public/amsfonts/cm/cmbx12.pfb></usr/shar
e/texlive/texmf-dist/fonts/type1/public/amsfonts/cm/cmmi12.pfb></usr/share/texl
ive/texmf-dist/fonts/type1/public/amsfonts/cm/cmr10.pfb></usr/share/texlive/tex
mf-dist/fonts/type1/public/amsfonts/cm/cmr12.pfb></usr/share/texlive/texmf-dist
/fonts/type1/public/amsfonts/cm/cmr17.pfb></usr/share/texlive/texmf-dist/fonts/
type1/public/amsfonts/cm/cmsy10.pfb></usr/share/texlive/texmf-dist/fonts/type1/
public/amsfonts/cm/cmti12.pfb></usr/share/texlive/texmf-dist/fonts/type1/public
/amsfonts/cm/cmtt12.pfb>
Output written on project.pdf (67 pages, 1046897 bytes).
PDF statistics:
 1253 PDF objects out of 1440 (max. 8388607)
 1136 compressed objects within 12 object streams
 377 named destinations out of 1000 (max. 500000)
 761 words of extra memory for PDF output out of 10000 (max. 10000000)

